<?xml version="1.0" encoding="UTF-8"?>
<testsuite xmlns:xsi="http://www.w3.org/2001/XMLSchema-instance" xsi:noNamespaceSchemaLocation="https://maven.apache.org/surefire/maven-surefire-plugin/xsd/surefire-test-report.xsd" name="RadioTest" time="0.116" tests="5" errors="0" skipped="0" failures="0">
  <properties>
    <property name="sun.desktop" value="windows"/>
    <property name="awt.toolkit" value="sun.awt.windows.WToolkit"/>
    <property name="java.specification.version" value="11"/>
    <property name="sun.cpu.isalist" value="amd64"/>
    <property name="sun.jnu.encoding" value="Cp1251"/>
    <property name="java.class.path" value="C:\Users\Family\IdeaProjects\oop_and_design\target\test-classes;C:\Users\Family\IdeaProjects\oop_and_design\target\classes;C:\Users\Family\.m2\repository\org\junit\jupiter\junit-jupiter\5.8.0-RC1\junit-jupiter-5.8.0-RC1.jar;C:\Users\Family\.m2\repository\org\junit\jupiter\junit-jupiter-api\5.8.0-RC1\junit-jupiter-api-5.8.0-RC1.jar;C:\Users\Family\.m2\repository\org\opentest4j\opentest4j\1.2.0\opentest4j-1.2.0.jar;C:\Users\Family\.m2\repository\org\junit\platform\junit-platform-commons\1.8.0-RC1\junit-platform-commons-1.8.0-RC1.jar;C:\Users\Family\.m2\repository\org\apiguardian\apiguardian-api\1.1.2\apiguardian-api-1.1.2.jar;C:\Users\Family\.m2\repository\org\junit\jupiter\junit-jupiter-params\5.8.0-RC1\junit-jupiter-params-5.8.0-RC1.jar;C:\Users\Family\.m2\repository\org\junit\jupiter\junit-jupiter-engine\5.8.0-RC1\junit-jupiter-engine-5.8.0-RC1.jar;C:\Users\Family\.m2\repository\org\junit\platform\junit-platform-engine\1.8.0-RC1\junit-platform-engine-1.8.0-RC1.jar;"/>
    <property name="java.vm.vendor" value="Eclipse Foundation"/>
    <property name="sun.arch.data.model" value="64"/>
    <property name="user.variant" value=""/>
    <property name="java.vendor.url" value="https://adoptium.net/"/>
    <property name="user.timezone" value="Europe/Moscow"/>
    <property name="java.vm.specification.version" value="11"/>
    <property name="os.name" value="Windows 10"/>
    <property name="sun.java.launcher" value="SUN_STANDARD"/>
    <property name="user.country" value="RU"/>
    <property name="sun.boot.library.path" value="C:\Program Files\Eclipse Foundation\jdk-11.0.12.7-hotspot\bin"/>
    <property name="sun.java.command" value="C:\Temp\surefire12244936162701849437\surefirebooter1637907491283673599.jar C:\Temp\surefire12244936162701849437 2021-10-05T01-52-36_969-jvmRun1 surefire10600280780453785456tmp surefire_09887928889422610956tmp"/>
    <property name="jdk.debug" value="release"/>
    <property name="surefire.test.class.path" value="C:\Users\Family\IdeaProjects\oop_and_design\target\test-classes;C:\Users\Family\IdeaProjects\oop_and_design\target\classes;C:\Users\Family\.m2\repository\org\junit\jupiter\junit-jupiter\5.8.0-RC1\junit-jupiter-5.8.0-RC1.jar;C:\Users\Family\.m2\repository\org\junit\jupiter\junit-jupiter-api\5.8.0-RC1\junit-jupiter-api-5.8.0-RC1.jar;C:\Users\Family\.m2\repository\org\opentest4j\opentest4j\1.2.0\opentest4j-1.2.0.jar;C:\Users\Family\.m2\repository\org\junit\platform\junit-platform-commons\1.8.0-RC1\junit-platform-commons-1.8.0-RC1.jar;C:\Users\Family\.m2\repository\org\apiguardian\apiguardian-api\1.1.2\apiguardian-api-1.1.2.jar;C:\Users\Family\.m2\repository\org\junit\jupiter\junit-jupiter-params\5.8.0-RC1\junit-jupiter-params-5.8.0-RC1.jar;C:\Users\Family\.m2\repository\org\junit\jupiter\junit-jupiter-engine\5.8.0-RC1\junit-jupiter-engine-5.8.0-RC1.jar;C:\Users\Family\.m2\repository\org\junit\platform\junit-platform-engine\1.8.0-RC1\junit-platform-engine-1.8.0-RC1.jar;"/>
    <property name="sun.cpu.endian" value="little"/>
    <property name="user.home" value="C:\Users\Family"/>
    <property name="user.language" value="ru"/>
    <property name="java.specification.vendor" value="Oracle Corporation"/>
    <property name="java.version.date" value="2021-07-20"/>
    <property name="java.home" value="C:\Program Files\Eclipse Foundation\jdk-11.0.12.7-hotspot"/>
    <property name="file.separator" value="\"/>
    <property name="basedir" value="C:\Users\Family\IdeaProjects\oop_and_design"/>
    <property name="java.vm.compressedOopsMode" value="Zero based"/>
    <property name="line.separator" value="&#10;"/>
    <property name="java.specification.name" value="Java Platform API Specification"/>
    <property name="java.vm.specification.vendor" value="Oracle Corporation"/>
    <property name="java.awt.graphicsenv" value="sun.awt.Win32GraphicsEnvironment"/>
    <property name="surefire.real.class.path" value="C:\Temp\surefire12244936162701849437\surefirebooter1637907491283673599.jar"/>
    <property name="user.script" value=""/>
    <property name="sun.management.compiler" value="HotSpot 64-Bit Tiered Compilers"/>
    <property name="java.runtime.version" value="11.0.12+7"/>
    <property name="user.name" value="Family"/>
    <property name="path.separator" value=";"/>
    <property name="os.version" value="10.0"/>
    <property name="java.runtime.name" value="OpenJDK Runtime Environment"/>
    <property name="file.encoding" value="Cp1251"/>
    <property name="java.vm.name" value="OpenJDK 64-Bit Server VM"/>
    <property name="java.vendor.version" value="Temurin-11.0.12+7"/>
    <property name="localRepository" value="C:\Users\Family\.m2\repository"/>
    <property name="java.vendor.url.bug" value="https://github.com/adoptium/adoptium-support/issues"/>
    <property name="java.io.tmpdir" value="C:\Temp\"/>
    <property name="idea.version" value="2021.2"/>
    <property name="java.version" value="11.0.12"/>
    <property name="user.dir" value="C:\Users\Family\IdeaProjects\oop_and_design"/>
    <property name="os.arch" value="amd64"/>
    <property name="java.vm.specification.name" value="Java Virtual Machine Specification"/>
    <property name="java.awt.printerjob" value="sun.awt.windows.WPrinterJob"/>
    <property name="sun.os.patch.level" value=""/>
    <property name="java.library.path" value="C:\Program Files\Eclipse Foundation\jdk-11.0.12.7-hotspot\bin;C:\Windows\Sun\Java\bin;C:\Windows\system32;C:\Windows;C:\Program Files\Eclipse Foundation\jdk-11.0.12.7-hotspot\bin;C:\Windows\system32;C:\Windows;C:\Windows\System32\Wbem;C:\Windows\System32\WindowsPowerShell\v1.0\;C:\Program Files\Git\cmd;C:\Users\Family\AppData\Local\Microsoft\WindowsApps;;."/>
    <property name="java.vm.info" value="mixed mode"/>
    <property name="java.vendor" value="Eclipse Foundation"/>
    <property name="java.vm.version" value="11.0.12+7"/>
    <property name="sun.io.unicode.encoding" value="UnicodeLittle"/>
    <property name="java.class.version" value="55.0"/>
  </properties>
  <testcase name="pressPrevChannel" classname="RadioTest" time="0.071"/>
  <testcase name="reduceVolume" classname="RadioTest" time="0.001"/>
  <testcase name="increaseVolume" classname="RadioTest" time="0.005"/>
  <testcase name="setRadioChannel" classname="RadioTest" time="0.005"/>
  <testcase name="pressNextChannel" classname="RadioTest" time="0.001"/>
</testsuite>